<?xml version="1.0" encoding="UTF-8"?>
<!-- Generated by org.testng.reporters.JUnitReportReporter -->
<testsuite hostname="DESKTOP-ODTD0K1" failures="0" tests="1" name="practice.DataProviderPractics" time="0.000" errors="0" timestamp="2023-10-26T11:25:43 IST" skipped="1">
  <testcase classname="practice.DataProviderPractics" name="readData" time="0.000">
    <skipped/>
  </testcase> <!-- readData -->
  <system-out/>
</testsuite> <!-- practice.DataProviderPractics -->
