<?xml version="1.0" encoding="UTF-8"?>
<!-- Generated by org.testng.reporters.JUnitReportReporter -->
<testsuite hostname="DESKTOP-ODTD0K1" failures="0" tests="1" name="practice.ReadDDataFromCmdLine" time="0.024" errors="0" timestamp="2023-11-09T11:00:42 IST" skipped="0">
  <testcase classname="practice.ReadDDataFromCmdLine" name="run" time="0.024"/>
  <system-out/>
</testsuite> <!-- practice.ReadDDataFromCmdLine -->
